24-03-2022 14:06:52 [ INFO]  34: Starting search for '板橋借款'
24-03-2022 14:06:53 [ INFO]  46: Getting ad links...
24-03-2022 14:06:54 [ INFO] 152: ======= Found an Ad =======
24-03-2022 14:06:54 [DEBUG] 154: Ad Link: https://world7775.com.tw/
24-03-2022 14:06:54 [ INFO] 152: ======= Found an Ad =======
24-03-2022 14:06:54 [DEBUG] 154: Ad Link: https://www.168-cash.com/
24-03-2022 14:06:54 [ INFO] 152: ======= Found an Ad =======
24-03-2022 14:06:54 [DEBUG] 154: Ad Link: https://www.sinyue29859555.com.tw/
24-03-2022 14:06:54 [ INFO]  46: Found 3 ads
24-03-2022 14:06:54 [ INFO]  71: Clicking https://world7775.com.tw/...
24-03-2022 14:07:03 [ INFO]  71: Clicking https://www.168-cash.com/...
24-03-2022 14:07:12 [ INFO]  71: Clicking https://www.sinyue29859555.com.tw/...
24-03-2022 14:08:42 [ INFO]  34: Starting search for '板橋借款'
24-03-2022 14:08:44 [ INFO]  46: Getting ad links...
24-03-2022 14:08:44 [ INFO] 152: ======= Found an Ad =======
24-03-2022 14:08:44 [DEBUG] 154: Ad Link: https://world7775.com.tw/
24-03-2022 14:08:44 [ INFO] 152: ======= Found an Ad =======
24-03-2022 14:08:44 [DEBUG] 154: Ad Link: https://www.168-cash.com/
24-03-2022 14:08:44 [ INFO] 152: ======= Found an Ad =======
24-03-2022 14:08:44 [DEBUG] 154: Ad Link: https://www.sinyue29859555.com.tw/
24-03-2022 14:08:44 [ INFO] 152: ======= Found an Ad =======
24-03-2022 14:08:44 [DEBUG] 154: Ad Link: https://www.familypawnshop.com.tw/html/service.php
24-03-2022 14:08:44 [ INFO]  46: Found 4 ads
24-03-2022 14:08:44 [ INFO]  71: Clicking https://world7775.com.tw/...
24-03-2022 14:08:54 [ INFO]  71: Clicking https://www.168-cash.com/...
24-03-2022 14:09:03 [ INFO]  71: Clicking https://www.sinyue29859555.com.tw/...
24-03-2022 14:09:12 [ INFO]  71: Clicking https://www.familypawnshop.com.tw/html/service.php...
24-03-2022 14:10:12 [ INFO]  34: Starting search for '板橋房屋二胎代辦'
24-03-2022 14:10:15 [ INFO]  46: Getting ad links...
24-03-2022 14:10:15 [ INFO] 152: ======= Found an Ad =======
24-03-2022 14:10:15 [DEBUG] 154: Ad Link: https://www.anybank.com.tw/%E6%88%BF%E5%B1%8B%E4%BA%8C%E8%83%8E
24-03-2022 14:10:15 [ INFO] 152: ======= Found an Ad =======
24-03-2022 14:10:15 [DEBUG] 154: Ad Link: https://houseloan.tw/ad2/%E6%96%B0%E9%91%AB%E5%A5%BD%E4%BA%8B%E8%B2%B8/
24-03-2022 14:10:15 [ INFO] 152: ======= Found an Ad =======
24-03-2022 14:10:15 [DEBUG] 154: Ad Link: https://www.o-beauty.com.tw/article-housse.html
24-03-2022 14:10:15 [ INFO]  46: Found 3 ads
24-03-2022 14:10:15 [ INFO]  71: Clicking https://www.anybank.com.tw/%E6%88%BF%E5%B1%8B%E4%BA%8C%E8%83%8E...
24-03-2022 14:10:24 [ INFO]  71: Clicking https://houseloan.tw/ad2/%E6%96%B0%E9%91%AB%E5%A5%BD%E4%BA%8B%E8%B2%B8/...
24-03-2022 14:10:33 [ INFO]  71: Clicking https://www.o-beauty.com.tw/article-housse.html...
24-03-2022 14:11:10 [ INFO]  34: Starting search for '板橋借款'
24-03-2022 14:11:11 [ INFO]  46: Getting ad links...
24-03-2022 14:11:11 [ INFO] 152: ======= Found an Ad =======
24-03-2022 14:11:11 [DEBUG] 154: Ad Link: https://world7775.com.tw/
24-03-2022 14:11:12 [ INFO] 152: ======= Found an Ad =======
24-03-2022 14:11:12 [DEBUG] 154: Ad Link: https://www.sinyue29859555.com.tw/
24-03-2022 14:11:12 [ INFO] 152: ======= Found an Ad =======
24-03-2022 14:11:12 [DEBUG] 154: Ad Link: https://www.familypawnshop.com.tw/html/service.php
24-03-2022 14:11:12 [ INFO] 152: ======= Found an Ad =======
24-03-2022 14:11:12 [DEBUG] 154: Ad Link: https://www.26830000.com.tw/
24-03-2022 14:11:12 [ INFO]  46: Found 4 ads
24-03-2022 14:11:12 [ INFO]  71: Clicking https://world7775.com.tw/...
24-03-2022 14:11:21 [ INFO]  71: Clicking https://www.sinyue29859555.com.tw/...
24-03-2022 14:11:30 [ INFO]  71: Clicking https://www.familypawnshop.com.tw/html/service.php...
24-03-2022 14:11:39 [ INFO]  71: Clicking https://www.26830000.com.tw/...
24-03-2022 14:14:15 [ INFO]  34: Starting search for '板橋借款'
24-03-2022 14:15:04 [ INFO]  34: Starting search for '板橋借款'
24-03-2022 14:15:05 [ INFO]  46: Getting ad links...
24-03-2022 14:15:05 [ INFO] 152: ======= Found an Ad =======
24-03-2022 14:15:05 [DEBUG] 154: Ad Link: https://www.168-cash.com/
24-03-2022 14:15:05 [ INFO] 152: ======= Found an Ad =======
24-03-2022 14:15:05 [DEBUG] 154: Ad Link: https://www.familypawnshop.com.tw/html/service.php
24-03-2022 14:15:06 [ INFO] 152: ======= Found an Ad =======
24-03-2022 14:15:06 [DEBUG] 154: Ad Link: https://world7775.com.tw/
24-03-2022 14:15:06 [ INFO] 152: ======= Found an Ad =======
24-03-2022 14:15:06 [DEBUG] 154: Ad Link: https://www.sinyue29859555.com.tw/
24-03-2022 14:15:06 [ INFO]  46: Found 4 ads
24-03-2022 14:15:06 [ INFO]  71: Clicking https://www.168-cash.com/...
24-03-2022 14:15:15 [ INFO]  71: Clicking https://www.familypawnshop.com.tw/html/service.php...
24-03-2022 14:15:24 [ INFO]  71: Clicking https://world7775.com.tw/...
24-03-2022 14:15:33 [ INFO]  71: Clicking https://www.sinyue29859555.com.tw/...
24-03-2022 14:17:04 [ INFO]  34: Starting search for '板橋借款'
24-03-2022 14:17:05 [ INFO]  46: Getting ad links...
24-03-2022 14:17:06 [ INFO] 152: ======= Found an Ad =======
24-03-2022 14:17:06 [DEBUG] 154: Ad Link: https://www.familypawnshop.com.tw/html/service.php
24-03-2022 14:17:06 [ INFO] 152: ======= Found an Ad =======
24-03-2022 14:17:06 [DEBUG] 154: Ad Link: https://world7775.com.tw/
24-03-2022 14:17:06 [ INFO]  46: Found 2 ads
24-03-2022 14:17:06 [ INFO]  71: Clicking https://www.familypawnshop.com.tw/html/service.php...
24-03-2022 14:17:15 [ INFO]  71: Clicking https://world7775.com.tw/...
24-03-2022 14:18:52 [ INFO]  34: Starting search for '板橋借款不求人'
24-03-2022 14:18:54 [ INFO]  46: Getting ad links...
24-03-2022 14:18:54 [ INFO] 152: ======= Found an Ad =======
24-03-2022 14:18:54 [DEBUG] 154: Ad Link: https://world7775.com.tw/
24-03-2022 14:18:54 [ INFO] 152: ======= Found an Ad =======
24-03-2022 14:18:54 [DEBUG] 154: Ad Link: https://www.ezpawn.com.tw/company
24-03-2022 14:18:54 [ INFO] 152: ======= Found an Ad =======
24-03-2022 14:18:54 [DEBUG] 154: Ad Link: https://cop.fike.com.tw/
24-03-2022 14:18:54 [ INFO] 152: ======= Found an Ad =======
24-03-2022 14:18:54 [DEBUG] 154: Ad Link: https://www.familypawnshop.com.tw/html/service.php
24-03-2022 14:18:54 [ INFO]  46: Found 4 ads
24-03-2022 14:18:54 [ INFO]  71: Clicking https://world7775.com.tw/...
24-03-2022 14:18:59 [ INFO]  71: Clicking https://www.ezpawn.com.tw/company...
24-03-2022 14:19:04 [ INFO]  71: Clicking https://cop.fike.com.tw/...
24-03-2022 14:19:09 [ INFO]  71: Clicking https://www.familypawnshop.com.tw/html/service.php...
24-03-2022 14:21:53 [ INFO]  34: Starting search for '板橋借款不求人'
24-03-2022 14:21:54 [ INFO]  46: Getting ad links...
24-03-2022 14:21:54 [ INFO] 152: ======= Found an Ad =======
24-03-2022 14:21:54 [DEBUG] 154: Ad Link: https://www.familypawnshop.com.tw/html/service.php
24-03-2022 14:21:54 [ INFO] 152: ======= Found an Ad =======
24-03-2022 14:21:54 [DEBUG] 154: Ad Link: https://www.ezpawn.com.tw/company
24-03-2022 14:21:54 [ INFO] 152: ======= Found an Ad =======
24-03-2022 14:21:54 [DEBUG] 154: Ad Link: https://world7775.com.tw/
24-03-2022 14:21:54 [ INFO]  46: Found 3 ads
24-03-2022 14:21:54 [ INFO]  71: Clicking https://www.familypawnshop.com.tw/html/service.php...
24-03-2022 14:21:59 [ INFO]  71: Clicking https://www.ezpawn.com.tw/company...
24-03-2022 14:22:04 [ INFO]  71: Clicking https://world7775.com.tw/...
24-03-2022 14:24:32 [ INFO]  34: Starting search for '板橋房屋二胎代辦'
24-03-2022 14:24:34 [ INFO]  46: Getting ad links...
24-03-2022 14:24:34 [ INFO] 152: ======= Found an Ad =======
24-03-2022 14:24:34 [DEBUG] 154: Ad Link: https://houseloan.tw/ad2/%E6%96%B0%E9%91%AB%E5%A5%BD%E4%BA%8B%E8%B2%B8/
24-03-2022 14:24:34 [ INFO] 152: ======= Found an Ad =======
24-03-2022 14:24:34 [DEBUG] 154: Ad Link: https://www.o-beauty.com.tw/article-housse.html
24-03-2022 14:24:34 [ INFO] 152: ======= Found an Ad =======
24-03-2022 14:24:34 [DEBUG] 154: Ad Link: https://www.168rich.com.tw/%E6%88%BF%E5%B1%8B%E5%80%9F%E6%AC%BE
24-03-2022 14:24:34 [ INFO]  46: Found 3 ads
24-03-2022 14:24:34 [ INFO]  71: Clicking https://houseloan.tw/ad2/%E6%96%B0%E9%91%AB%E5%A5%BD%E4%BA%8B%E8%B2%B8/...
24-03-2022 14:24:43 [ INFO]  71: Clicking https://www.o-beauty.com.tw/article-housse.html...
24-03-2022 14:24:53 [ INFO]  71: Clicking https://www.168rich.com.tw/%E6%88%BF%E5%B1%8B%E5%80%9F%E6%AC%BE...
24-03-2022 14:25:17 [ INFO]  34: Starting search for '板橋借款'
24-03-2022 14:25:21 [ INFO]  46: Getting ad links...
24-03-2022 14:25:21 [ INFO] 152: ======= Found an Ad =======
24-03-2022 14:25:21 [DEBUG] 154: Ad Link: https://world7775.com.tw/
24-03-2022 14:25:21 [ INFO] 152: ======= Found an Ad =======
24-03-2022 14:25:21 [DEBUG] 154: Ad Link: https://www.familypawnshop.com.tw/html/service.php
24-03-2022 14:25:21 [ INFO] 152: ======= Found an Ad =======
24-03-2022 14:25:21 [DEBUG] 154: Ad Link: https://www.168-cash.com/
24-03-2022 14:25:21 [ INFO] 152: ======= Found an Ad =======
24-03-2022 14:25:21 [DEBUG] 154: Ad Link: http://www.yongfengs.com/
24-03-2022 14:25:21 [ INFO]  46: Found 4 ads
24-03-2022 14:25:21 [ INFO]  71: Clicking https://world7775.com.tw/...
24-03-2022 14:25:30 [ INFO]  71: Clicking https://www.familypawnshop.com.tw/html/service.php...
24-03-2022 14:25:40 [ INFO]  71: Clicking https://www.168-cash.com/...
24-03-2022 14:25:49 [ INFO]  71: Clicking http://www.yongfengs.com/...
24-03-2022 14:26:17 [ INFO]  34: Starting search for '板橋借款'
24-03-2022 14:26:18 [ INFO]  46: Getting ad links...
24-03-2022 14:26:19 [ INFO] 152: ======= Found an Ad =======
24-03-2022 14:26:19 [DEBUG] 154: Ad Link: https://www.168-cash.com/
24-03-2022 14:26:19 [ INFO] 152: ======= Found an Ad =======
24-03-2022 14:26:19 [DEBUG] 154: Ad Link: https://www.familypawnshop.com.tw/html/service.php
24-03-2022 14:26:19 [ INFO] 152: ======= Found an Ad =======
24-03-2022 14:26:19 [DEBUG] 154: Ad Link: https://world7775.com.tw/
24-03-2022 14:26:19 [ INFO] 152: ======= Found an Ad =======
24-03-2022 14:26:19 [DEBUG] 154: Ad Link: https://www.sinyue29859555.com.tw/
24-03-2022 14:26:19 [ INFO]  46: Found 4 ads
24-03-2022 14:26:19 [ INFO]  71: Clicking https://www.168-cash.com/...
24-03-2022 14:26:28 [ INFO]  71: Clicking https://www.familypawnshop.com.tw/html/service.php...
24-03-2022 14:26:37 [ INFO]  71: Clicking https://world7775.com.tw/...
24-03-2022 14:26:46 [ INFO]  71: Clicking https://www.sinyue29859555.com.tw/...
24-03-2022 14:29:28 [ INFO]  34: Starting search for '板橋借款'
24-03-2022 14:29:30 [ INFO]  46: Getting ad links...
24-03-2022 14:29:30 [ INFO] 152: ======= Found an Ad =======
24-03-2022 14:29:30 [DEBUG] 154: Ad Link: https://world7775.com.tw/
24-03-2022 14:29:30 [ INFO] 152: ======= Found an Ad =======
24-03-2022 14:29:30 [DEBUG] 154: Ad Link: https://www.sinyue29859555.com.tw/
24-03-2022 14:29:30 [ INFO] 152: ======= Found an Ad =======
24-03-2022 14:29:30 [DEBUG] 154: Ad Link: https://www.familypawnshop.com.tw/html/service.php
24-03-2022 14:29:30 [ INFO]  46: Found 3 ads
24-03-2022 14:29:30 [ INFO]  71: Clicking https://world7775.com.tw/...
24-03-2022 14:29:39 [ INFO]  71: Clicking https://www.sinyue29859555.com.tw/...
24-03-2022 14:29:48 [ INFO]  71: Clicking https://www.familypawnshop.com.tw/html/service.php...
24-03-2022 14:32:57 [ INFO]  34: Starting search for '板橋借款'
24-03-2022 14:32:59 [ INFO]  46: Getting ad links...
24-03-2022 14:32:59 [ INFO] 152: ======= Found an Ad =======
24-03-2022 14:32:59 [DEBUG] 154: Ad Link: https://world7775.com.tw/
24-03-2022 14:32:59 [ INFO] 152: ======= Found an Ad =======
24-03-2022 14:32:59 [DEBUG] 154: Ad Link: https://www.168-cash.com/
24-03-2022 14:32:59 [ INFO] 152: ======= Found an Ad =======
24-03-2022 14:32:59 [DEBUG] 154: Ad Link: https://www.sinyue29859555.com.tw/
24-03-2022 14:32:59 [ INFO] 152: ======= Found an Ad =======
24-03-2022 14:32:59 [DEBUG] 154: Ad Link: https://www.familypawnshop.com.tw/html/service.php
24-03-2022 14:32:59 [ INFO]  46: Found 4 ads
24-03-2022 14:32:59 [ INFO]  71: Clicking https://world7775.com.tw/...
24-03-2022 14:33:09 [ INFO]  71: Clicking https://www.168-cash.com/...
24-03-2022 14:33:18 [ INFO]  71: Clicking https://www.sinyue29859555.com.tw/...
24-03-2022 14:33:27 [ INFO]  71: Clicking https://www.familypawnshop.com.tw/html/service.php...
24-03-2022 14:36:09 [ INFO]  34: Starting search for '板橋借款'
24-03-2022 14:36:11 [ INFO]  46: Getting ad links...
24-03-2022 14:36:11 [ INFO] 152: ======= Found an Ad =======
24-03-2022 14:36:11 [DEBUG] 154: Ad Link: https://world7775.com.tw/
24-03-2022 14:36:11 [ INFO] 152: ======= Found an Ad =======
24-03-2022 14:36:11 [DEBUG] 154: Ad Link: https://www.168-cash.com/
24-03-2022 14:36:11 [ INFO] 152: ======= Found an Ad =======
24-03-2022 14:36:11 [DEBUG] 154: Ad Link: https://www.familypawnshop.com.tw/html/service.php
24-03-2022 14:36:11 [ INFO]  46: Found 3 ads
24-03-2022 14:36:11 [ INFO]  71: Clicking https://world7775.com.tw/...
24-03-2022 14:36:20 [ INFO]  71: Clicking https://www.168-cash.com/...
24-03-2022 14:36:29 [ INFO]  71: Clicking https://www.familypawnshop.com.tw/html/service.php...
24-03-2022 14:39:37 [ INFO]  34: Starting search for '板橋借款'
24-03-2022 14:39:39 [ INFO]  46: Getting ad links...
24-03-2022 14:39:39 [ INFO] 152: ======= Found an Ad =======
24-03-2022 14:39:39 [DEBUG] 154: Ad Link: https://world7775.com.tw/
24-03-2022 14:39:39 [ INFO] 152: ======= Found an Ad =======
24-03-2022 14:39:39 [DEBUG] 154: Ad Link: https://www.sinyue29859555.com.tw/
24-03-2022 14:39:39 [ INFO] 152: ======= Found an Ad =======
24-03-2022 14:39:39 [DEBUG] 154: Ad Link: https://www.familypawnshop.com.tw/html/service.php
24-03-2022 14:39:39 [ INFO] 152: ======= Found an Ad =======
24-03-2022 14:39:39 [DEBUG] 154: Ad Link: https://www.590hs.com.tw/
24-03-2022 14:39:39 [ INFO]  46: Found 4 ads
24-03-2022 14:39:39 [ INFO]  71: Clicking https://world7775.com.tw/...
24-03-2022 14:39:49 [ INFO]  71: Clicking https://www.sinyue29859555.com.tw/...
24-03-2022 14:39:58 [ INFO]  71: Clicking https://www.familypawnshop.com.tw/html/service.php...
24-03-2022 14:40:07 [ INFO]  71: Clicking https://www.590hs.com.tw/...
24-03-2022 14:43:09 [ INFO]  34: Starting search for '板橋借款'
24-03-2022 14:43:11 [ INFO]  46: Getting ad links...
24-03-2022 14:43:11 [ INFO] 152: ======= Found an Ad =======
24-03-2022 14:43:11 [DEBUG] 154: Ad Link: https://www.familypawnshop.com.tw/html/service.php
24-03-2022 14:43:11 [ INFO] 152: ======= Found an Ad =======
24-03-2022 14:43:11 [DEBUG] 154: Ad Link: https://world7775.com.tw/
24-03-2022 14:43:11 [ INFO] 152: ======= Found an Ad =======
24-03-2022 14:43:11 [DEBUG] 154: Ad Link: https://www.sinyue29859555.com.tw/
24-03-2022 14:43:11 [ INFO]  46: Found 3 ads
24-03-2022 14:43:11 [ INFO]  71: Clicking https://www.familypawnshop.com.tw/html/service.php...
24-03-2022 14:43:20 [ INFO]  71: Clicking https://world7775.com.tw/...
24-03-2022 14:43:30 [ INFO]  71: Clicking https://www.sinyue29859555.com.tw/...
24-03-2022 14:45:41 [ INFO]  34: Starting search for '板橋房屋二胎代辦'
24-03-2022 14:45:43 [ INFO]  46: Getting ad links...
24-03-2022 14:45:43 [ INFO] 152: ======= Found an Ad =======
24-03-2022 14:45:43 [DEBUG] 154: Ad Link: https://houseloan.tw/ad2/%E6%96%B0%E9%91%AB%E5%A5%BD%E4%BA%8B%E8%B2%B8/
24-03-2022 14:45:43 [ INFO] 152: ======= Found an Ad =======
24-03-2022 14:45:43 [DEBUG] 154: Ad Link: https://www.o-beauty.com.tw/article-housse.html
24-03-2022 14:45:43 [ INFO] 152: ======= Found an Ad =======
24-03-2022 14:45:43 [DEBUG] 154: Ad Link: https://www.ocareasyloan.com.tw/carlocomotiveloan-7.html
24-03-2022 14:45:43 [ INFO]  46: Found 3 ads
24-03-2022 14:45:43 [ INFO]  71: Clicking https://houseloan.tw/ad2/%E6%96%B0%E9%91%AB%E5%A5%BD%E4%BA%8B%E8%B2%B8/...
24-03-2022 14:45:53 [ INFO]  71: Clicking https://www.o-beauty.com.tw/article-housse.html...
24-03-2022 14:46:02 [ INFO]  71: Clicking https://www.ocareasyloan.com.tw/carlocomotiveloan-7.html...
24-03-2022 14:48:51 [ INFO]  34: Starting search for '板橋房屋二胎代辦'
24-03-2022 14:48:53 [ INFO]  46: Getting ad links...
24-03-2022 14:48:53 [ INFO] 152: ======= Found an Ad =======
24-03-2022 14:48:53 [DEBUG] 154: Ad Link: https://www.jinhuabank.com.tw/
24-03-2022 14:48:53 [ INFO] 152: ======= Found an Ad =======
24-03-2022 14:48:53 [DEBUG] 154: Ad Link: https://chung.donk.com.tw/kee1.html
24-03-2022 14:48:53 [ INFO] 152: ======= Found an Ad =======
24-03-2022 14:48:53 [DEBUG] 154: Ad Link: https://houseloan.tw/ad2/%E6%96%B0%E9%91%AB%E5%A5%BD%E4%BA%8B%E8%B2%B8/
24-03-2022 14:48:53 [ INFO] 152: ======= Found an Ad =======
24-03-2022 14:48:53 [DEBUG] 154: Ad Link: https://www.82595522.com.tw/
24-03-2022 14:48:53 [ INFO]  46: Found 4 ads
24-03-2022 14:48:53 [ INFO]  71: Clicking https://www.jinhuabank.com.tw/...
24-03-2022 14:49:02 [ INFO]  71: Clicking https://chung.donk.com.tw/kee1.html...
24-03-2022 21:32:13 [ INFO]  34: Starting search for '板橋房屋二胎代辦'
24-03-2022 21:32:15 [ INFO]  46: Getting ad links...
24-03-2022 21:32:15 [ INFO] 152: ======= Found an Ad =======
24-03-2022 21:32:15 [DEBUG] 154: Ad Link: https://www.168rich.com.tw/%E6%88%BF%E5%B1%8B%E5%80%9F%E6%AC%BE
24-03-2022 21:32:15 [ INFO] 152: ======= Found an Ad =======
24-03-2022 21:32:15 [DEBUG] 154: Ad Link: https://www.82595522.com.tw/
24-03-2022 21:32:15 [ INFO] 152: ======= Found an Ad =======
24-03-2022 21:32:15 [DEBUG] 154: Ad Link: https://houseloan.tw/ad2/%E6%96%B0%E9%91%AB%E5%A5%BD%E4%BA%8B%E8%B2%B8/
24-03-2022 21:32:15 [ INFO]  46: Found 3 ads
24-03-2022 21:32:15 [ INFO]  71: Clicking https://www.168rich.com.tw/%E6%88%BF%E5%B1%8B%E5%80%9F%E6%AC%BE...
24-03-2022 21:32:30 [ INFO]  34: Starting search for '板橋借款'
24-03-2022 21:32:32 [ INFO]  46: Getting ad links...
24-03-2022 21:32:32 [ INFO] 152: ======= Found an Ad =======
24-03-2022 21:32:32 [DEBUG] 154: Ad Link: https://www.590hs.com.tw/
24-03-2022 21:32:32 [ INFO] 152: ======= Found an Ad =======
24-03-2022 21:32:32 [DEBUG] 154: Ad Link: https://www.sinyue29859555.com.tw/
24-03-2022 21:32:32 [ INFO] 152: ======= Found an Ad =======
24-03-2022 21:32:32 [DEBUG] 154: Ad Link: https://www.26830000.com.tw/
24-03-2022 21:32:32 [ INFO]  46: Found 3 ads
24-03-2022 21:32:32 [ INFO]  71: Clicking https://www.590hs.com.tw/...
24-03-2022 21:32:41 [ INFO]  71: Clicking https://www.sinyue29859555.com.tw/...
24-03-2022 21:32:50 [ INFO]  71: Clicking https://www.26830000.com.tw/...
24-03-2022 21:33:35 [ INFO]  34: Starting search for '板橋借款'
24-03-2022 21:33:37 [ INFO]  46: Getting ad links...
24-03-2022 21:33:37 [ INFO] 152: ======= Found an Ad =======
24-03-2022 21:33:37 [DEBUG] 154: Ad Link: http://www.29852200.com/edcontent.php?lang=tw&tb=6
24-03-2022 21:33:37 [ INFO] 152: ======= Found an Ad =======
24-03-2022 21:33:37 [DEBUG] 154: Ad Link: https://www.590hs.com.tw/
24-03-2022 21:33:37 [ INFO] 152: ======= Found an Ad =======
24-03-2022 21:33:37 [DEBUG] 154: Ad Link: https://www.sinyue29859555.com.tw/
24-03-2022 21:33:37 [ INFO]  46: Found 3 ads
24-03-2022 21:33:37 [ INFO]  71: Clicking http://www.29852200.com/edcontent.php?lang=tw&tb=6...
24-03-2022 21:33:52 [ INFO]  34: Starting search for '板橋借款'
24-03-2022 21:33:53 [ INFO]  46: Getting ad links...
24-03-2022 21:33:53 [ INFO] 152: ======= Found an Ad =======
24-03-2022 21:33:53 [DEBUG] 154: Ad Link: https://www.590hs.com.tw/
24-03-2022 21:33:53 [ INFO] 152: ======= Found an Ad =======
24-03-2022 21:33:53 [DEBUG] 154: Ad Link: https://0958399990.com/
24-03-2022 21:33:54 [ INFO] 152: ======= Found an Ad =======
24-03-2022 21:33:54 [DEBUG] 154: Ad Link: https://www.sinyue29859555.com.tw/
24-03-2022 21:33:54 [ INFO]  46: Found 3 ads
24-03-2022 21:33:54 [ INFO]  71: Clicking https://www.590hs.com.tw/...
24-03-2022 21:34:03 [ INFO]  71: Clicking https://0958399990.com/...
24-03-2022 21:34:12 [ INFO]  71: Clicking https://www.sinyue29859555.com.tw/...
24-03-2022 21:34:33 [ INFO]  34: Starting search for '板橋借款'
24-03-2022 21:34:35 [ INFO]  46: Getting ad links...
24-03-2022 21:34:35 [ INFO] 152: ======= Found an Ad =======
24-03-2022 21:34:35 [DEBUG] 154: Ad Link: https://www.sinyue29859555.com.tw/
24-03-2022 21:34:35 [ INFO] 152: ======= Found an Ad =======
24-03-2022 21:34:35 [DEBUG] 154: Ad Link: https://www.590hs.com.tw/
24-03-2022 21:34:35 [ INFO] 152: ======= Found an Ad =======
24-03-2022 21:34:35 [DEBUG] 154: Ad Link: https://www.26830000.com.tw/
24-03-2022 21:34:35 [ INFO]  46: Found 3 ads
24-03-2022 21:34:35 [ INFO]  71: Clicking https://www.sinyue29859555.com.tw/...
24-03-2022 21:36:07 [ INFO]  34: Starting search for '板橋借款'
24-03-2022 21:36:08 [ INFO]  46: Getting ad links...
24-03-2022 21:36:09 [ INFO] 152: ======= Found an Ad =======
24-03-2022 21:36:09 [DEBUG] 154: Ad Link: https://0958399990.com/
24-03-2022 21:36:09 [ INFO] 152: ======= Found an Ad =======
24-03-2022 21:36:09 [DEBUG] 154: Ad Link: https://www.590hs.com.tw/
24-03-2022 21:36:09 [ INFO] 152: ======= Found an Ad =======
24-03-2022 21:36:09 [DEBUG] 154: Ad Link: https://www.lbk.com.tw/
24-03-2022 21:36:09 [ INFO]  46: Found 3 ads
24-03-2022 21:36:09 [ INFO]  71: Clicking https://0958399990.com/...
24-03-2022 21:36:18 [ INFO]  71: Clicking https://www.590hs.com.tw/...
24-03-2022 21:36:27 [ INFO]  71: Clicking https://www.lbk.com.tw/...
